<?xml version="1.0" encoding="UTF-8"?>
<!-- Generated by org.testng.reporters.JUnitReportReporter -->
<testsuite hostname="DESKTOP-UDJ5PR4" name="test1.Demo2" tests="1" failures="0" timestamp="27 Nov 2019 11:04:13 GMT" time="8.014" errors="0">
  <testcase name="FindBytitle1" time="8.014" classname="test1.Demo2"/>
</testsuite> <!-- test1.Demo2 -->
