<?xml version="1.0" encoding="UTF-8"?>
<!-- Generated by org.testng.reporters.JUnitReportReporter -->
<testsuite hostname="DESKTOP-UDJ5PR4" name="lishaohan.L_Login" tests="1" failures="0" timestamp="27 Nov 2019 13:20:31 GMT" time="34.628" errors="0">
  <testcase name="changeSex" time="34.628" classname="lishaohan.L_Login"/>
</testsuite> <!-- lishaohan.L_Login -->
