<?xml version="1.0" encoding="UTF-8"?>
<!-- Generated by org.testng.reporters.JUnitReportReporter -->
<testsuite hostname="DESKTOP-UDJ5PR4" name="liumeining.DemoTest" tests="2" failures="0" timestamp="27 Nov 2019 12:28:59 GMT" time="18.669" errors="0">
  <testcase name="test1" time="11.769" classname="liumeining.DemoTest"/>
  <testcase name="test2" time="6.900" classname="liumeining.DemoTest"/>
</testsuite> <!-- liumeining.DemoTest -->
